<?xml version="1.0" encoding="UTF-8"?>
<!-- Generated by org.testng.reporters.JUnitReportReporter -->
<testsuite hostname="DESKTOP-6JUGJ4I" failures="0" tests="2" name="tests.FirstPageTest" time="12.728" errors="0" timestamp="2022-12-21T12:12:14 IST" skipped="0">
  <testcase classname="tests.FirstPageTest" name="test1" time="6.636"/>
  <system-out/>
  <testcase classname="tests.FirstPageTest" name="test1" time="6.092"/>
  <system-out/>
</testsuite> <!-- tests.FirstPageTest -->
