<?xml version="1.0" encoding="UTF-8"?>
<testsuite xmlns:xsi="http://www.w3.org/2001/XMLSchema-instance" xsi:noNamespaceSchemaLocation="https://maven.apache.org/surefire/maven-surefire-plugin/xsd/surefire-test-report.xsd" name="TestSuite" time="23.144" tests="2" errors="0" skipped="0" failures="0">
  <properties>
    <property name="awt.toolkit" value="sun.awt.windows.WToolkit"/>
    <property name="java.specification.version" value="11"/>
    <property name="RUN_DISPLAY_URL" value="http://localhost:8080/job/MavenProjectLambdaTest/5/display/redirect"/>
    <property name="HUDSON_HOME" value="C:\Users\Sachin\.jenkins"/>
    <property name="sun.cpu.isalist" value="amd64"/>
    <property name="RUN_CHANGES_DISPLAY_URL" value="http://localhost:8080/job/MavenProjectLambdaTest/5/display/redirect?page=changes"/>
    <property name="sun.jnu.encoding" value="Cp1252"/>
    <property name="SESSIONNAME" value="Console"/>
    <property name="ALLUSERSPROFILE" value="C:\ProgramData"/>
    <property name="sun.arch.data.model" value="64"/>
    <property name="SystemDrive" value="C:"/>
    <property name="java.vendor.url" value="https://openjdk.java.net/"/>
    <property name="JENKINS_SERVER_COOKIE" value="cf2bdd00e502161c"/>
    <property name="USERNAME" value="Sachin"/>
    <property name="M2_MAVEN" value="C:\Program Files\apache-maven-3.8.6\"/>
    <property name="ProgramFiles(x86)" value="C:\Program Files (x86)"/>
    <property name="JENKINS_URL" value="http://localhost:8080/"/>
    <property name="sun.boot.library.path" value="C:\Program Files\Java\jdk-11.0.15.1\bin"/>
    <property name="sun.java.command" value="jenkins.maven3.agent.Maven35Main C:\Program Files\apache-maven-3.8.6 C:\Users\Sachin\.jenkins\war\WEB-INF\lib\remoting-4.13.2.jar C:\Users\Sachin\.jenkins\plugins\maven-plugin\WEB-INF\lib\maven35-interceptor-1.14.jar C:\Users\Sachin\.jenkins\plugins\maven-plugin\WEB-INF\lib\maven3-interceptor-commons-1.14.jar 64785"/>
    <property name="FPS_BROWSER_USER_PROFILE_STRING" value="Default"/>
    <property name="maven.home" value="C:\Program Files\apache-maven-3.8.6"/>
    <property name="jdk.debug" value="release"/>
    <property name="PATHEXT" value=".COM;.EXE;.BAT;.CMD;.VBS;.VBE;.JS;.JSE;.WSF;.WSH;.MSC"/>
    <property name="DriverData" value="C:\Windows\System32\Drivers\DriverData"/>
    <property name="java.specification.vendor" value="Oracle Corporation"/>
    <property name="jansi.mode" value="strip"/>
    <property name="java.version.date" value="2022-04-22"/>
    <property name="java.home" value="C:\Program Files\Java\jdk-11.0.15.1"/>
    <property name="JENKINS_HOME" value="C:\Users\Sachin\.jenkins"/>
    <property name="file.separator" value="\"/>
    <property name="java.vm.compressedOopsMode" value="Zero based"/>
    <property name="line.separator" value="&#10;"/>
    <property name="HOMEPATH" value="\Users\Sachin"/>
    <property name="NODE_NAME" value="built-in"/>
    <property name="java.specification.name" value="Java Platform API Specification"/>
    <property name="java.vm.specification.vendor" value="Oracle Corporation"/>
    <property name="BUILD_DISPLAY_NAME" value="#5"/>
    <property name="PROCESSOR_IDENTIFIER" value="Intel64 Family 6 Model 142 Stepping 10, GenuineIntel"/>
    <property name="maven3.interceptor" value="C:\Users\Sachin\.jenkins\plugins\maven-plugin\WEB-INF\lib\maven35-interceptor-1.14.jar"/>
    <property name="PATH+MAVEN" value="C:\Program Files\apache-maven-3.8.6/bin"/>
    <property name="maven3.interceptor.common" value="C:\Users\Sachin\.jenkins\plugins\maven-plugin\WEB-INF\lib\maven3-interceptor-commons-1.14.jar"/>
    <property name="ProgramFiles" value="C:\Program Files"/>
    <property name="PUBLIC" value="C:\Users\Public"/>
    <property name="windir" value="C:\Windows"/>
    <property name="=::" value="::\"/>
    <property name="WORKSPACE_TMP" value="C:\Users\Sachin\.jenkins\workspace\MavenProjectLambdaTest@tmp"/>
    <property name="user.script" value=""/>
    <property name="sun.management.compiler" value="HotSpot 64-Bit Tiered Compilers"/>
    <property name="FPS_BROWSER_APP_PROFILE_STRING" value="Internet Explorer"/>
    <property name="java.runtime.version" value="11.0.15.1+2-LTS-10"/>
    <property name="JAVA_HOME" value="C:\Program Files\Java\jdk-11.0.15.1"/>
    <property name="PROMPT" value="$P$G"/>
    <property name="user.name" value="Sachin"/>
    <property name="OneDrive" value="C:\Users\Sachin\OneDrive"/>
    <property name="file.encoding" value="Cp1252"/>
    <property name="APPDATA" value="C:\Users\Sachin\AppData\Roaming"/>
    <property name="guice.disable.misplaced.annotation.check" value="true"/>
    <property name="HUDSON_URL" value="http://localhost:8080/"/>
    <property name="WORKSPACE" value="C:\Users\Sachin\.jenkins\workspace\MavenProjectLambdaTest"/>
    <property name="java.vendor.version" value="18.9"/>
    <property name="Path" value="C:\Program Files\Java\jdk-11.0.15.1/bin;C:\Program Files\Common Files\Oracle\Java\javapath;C:\Windows\system32;C:\Windows;C:\Windows\System32\Wbem;C:\Windows\System32\WindowsPowerShell\v1.0\;C:\Windows\System32\OpenSSH\;C:\Program Files (x86)\dotnet\;C:\Program Files\Java\jdk-11.0.15.1\bin;C:\Program Files\apache-maven-3.8.6\bin;C:\Program Files\Git\cmd;C:\Users\Sachin\AppData\Local\Microsoft\WindowsApps;"/>
    <property name="java.io.tmpdir" value="C:\Users\Sachin\AppData\Local\Temp\"/>
    <property name="java.version" value="11.0.15.1"/>
    <property name="CI" value="true"/>
    <property name="COMPUTERNAME" value="DESKTOP-6JUGJ4I"/>
    <property name="java.vm.specification.name" value="Java Virtual Machine Specification"/>
    <property name="java.awt.printerjob" value="sun.awt.windows.WPrinterJob"/>
    <property name="JOB_BASE_NAME" value="MavenProjectLambdaTest"/>
    <property name="sun.os.patch.level" value=""/>
    <property name="ComSpec" value="C:\Windows\system32\cmd.exe"/>
    <property name="org.slf4j.simpleLogger.defaultLogLevel" value="info"/>
    <property name="java.library.path" value="C:\Program Files\Java\jdk-11.0.15.1\bin;C:\Windows\Sun\Java\bin;C:\Windows\system32;C:\Windows;C:\Program Files\apache-maven-3.8.6/bin;C:\Program Files\Java\jdk-11.0.15.1/bin;C:\Program Files\Java\jdk-11.0.15.1/bin;C:\Program Files\Common Files\Oracle\Java\javapath;C:\Windows\system32;C:\Windows;C:\Windows\System32\Wbem;C:\Windows\System32\WindowsPowerShell\v1.0\;C:\Windows\System32\OpenSSH\;C:\Program Files (x86)\dotnet\;C:\Program Files\Java\jdk-11.0.15.1\bin;C:\Program Files\apache-maven-3.8.6\bin;C:\Program Files\Git\cmd;C:\Users\Sachin\AppData\Local\Microsoft\WindowsApps;;."/>
    <property name="BUILD_NUMBER" value="5"/>
    <property name="java.vendor" value="Oracle Corporation"/>
    <property name="BUILD_URL" value="http://localhost:8080/job/MavenProjectLambdaTest/5/"/>
    <property name="HOMEDRIVE" value="C:"/>
    <property name="RUN_ARTIFACTS_DISPLAY_URL" value="http://localhost:8080/job/MavenProjectLambdaTest/5/display/redirect?page=artifacts"/>
    <property name="sun.io.unicode.encoding" value="UnicodeLittle"/>
    <property name="NUMBER_OF_PROCESSORS" value="8"/>
    <property name="sun.desktop" value="windows"/>
    <property name="USERDOMAIN_ROAMINGPROFILE" value="DESKTOP-6JUGJ4I"/>
    <property name="PROCESSOR_LEVEL" value="6"/>
    <property name="JOB_URL" value="http://localhost:8080/job/MavenProjectLambdaTest/"/>
    <property name="java.class.path" value="C:\Users\Sachin\.jenkins\plugins\maven-plugin\WEB-INF\lib\maven35-agent-1.14.jar;C:\Program Files\apache-maven-3.8.6\boot\plexus-classworlds-2.6.0.jar;C:\Program Files\apache-maven-3.8.6/conf/logging"/>
    <property name="java.vm.vendor" value="Oracle Corporation"/>
    <property name="PROCESSOR_ARCHITECTURE" value="AMD64"/>
    <property name="PSModulePath" value="C:\Program Files\WindowsPowerShell\Modules;C:\Windows\system32\WindowsPowerShell\v1.0\Modules"/>
    <property name="MVN_HOME" value="C:\Program Files\apache-maven-3.8.6\"/>
    <property name="user.variant" value=""/>
    <property name="MAVEN_HOME" value="C:\Program Files\apache-maven-3.8.6"/>
    <property name="user.timezone" value="Asia/Calcutta"/>
    <property name="maven.conf" value="C:\Program Files\apache-maven-3.8.6\conf"/>
    <property name="os.name" value="Windows 10"/>
    <property name="java.vm.specification.version" value="11"/>
    <property name="RUN_TESTS_DISPLAY_URL" value="http://localhost:8080/job/MavenProjectLambdaTest/5/display/redirect?page=tests"/>
    <property name="user.country" value="IN"/>
    <property name="sun.java.launcher" value="SUN_STANDARD"/>
    <property name="BUILD_TAG" value="jenkins-MavenProjectLambdaTest-5"/>
    <property name="sun.cpu.endian" value="little"/>
    <property name="user.home" value="C:\Users\Sachin"/>
    <property name="user.language" value="en"/>
    <property name="ProgramData" value="C:\ProgramData"/>
    <property name="=F:" value="F:\VrushaliTestingData\CJCSelenium-20221122T035116Z-001\CJCSelenium\jenkins"/>
    <property name="ProgramW6432" value="C:\Program Files"/>
    <property name="java.awt.graphicsenv" value="sun.awt.Win32GraphicsEnvironment"/>
    <property name="JOB_DISPLAY_URL" value="http://localhost:8080/job/MavenProjectLambdaTest/display/redirect"/>
    <property name="M2_HOME" value="C:\Program Files\apache-maven-3.8.6"/>
    <property name="LOCALAPPDATA" value="C:\Users\Sachin\AppData\Local"/>
    <property name="USERDOMAIN" value="DESKTOP-6JUGJ4I"/>
    <property name="LOGONSERVER" value="\\DESKTOP-6JUGJ4I"/>
    <property name="path.separator" value=";"/>
    <property name="BUILD_ID" value="5"/>
    <property name="os.version" value="10.0"/>
    <property name="JOB_NAME" value="MavenProjectLambdaTest"/>
    <property name="java.runtime.name" value="Java(TM) SE Runtime Environment"/>
    <property name="NODE_LABELS" value="built-in"/>
    <property name="java.vm.name" value="Java HotSpot(TM) 64-Bit Server VM"/>
    <property name="PATH+JDK" value="C:\Program Files\Java\jdk-11.0.15.1/bin"/>
    <property name="CommonProgramFiles" value="C:\Program Files\Common Files"/>
    <property name="java.vendor.url.bug" value="https://bugreport.java.com/bugreport/"/>
    <property name="OS" value="Windows_NT"/>
    <property name="user.dir" value="F:\VrushaliTestingData\GitDemo\LambdaTestRepo\LmbdaTestProject"/>
    <property name="os.arch" value="amd64"/>
    <property name="EXECUTOR_NUMBER" value="0"/>
    <property name="HUDSON_SERVER_COOKIE" value="cf2bdd00e502161c"/>
    <property name="PROCESSOR_REVISION" value="8e0a"/>
    <property name="CLASSPATH" value=""/>
    <property name="CommonProgramW6432" value="C:\Program Files\Common Files"/>
    <property name="SystemRoot" value="C:\Windows"/>
    <property name="TEMP" value="C:\Users\Sachin\AppData\Local\Temp"/>
    <property name="java.vm.info" value="mixed mode"/>
    <property name="java.vm.version" value="11.0.15.1+2-LTS-10"/>
    <property name="USERPROFILE" value="C:\Users\Sachin"/>
    <property name="TMP" value="C:\Users\Sachin\AppData\Local\Temp"/>
    <property name="CommonProgramFiles(x86)" value="C:\Program Files (x86)\Common Files"/>
    <property name="java.class.version" value="55.0"/>
  </properties>
  <testcase name="withoutAcceptingTerms" classname="tests.RegisterPageTest" time="0.758"/>
  <testcase name="withoutAcceptingTerms" classname="tests.RegisterPageTest" time="0.68"/>
</testsuite>