<?xml version="1.0" encoding="UTF-8"?>
<!-- Generated by org.testng.reporters.JUnitReportReporter -->
<testsuite hostname="DESKTOP-6JUGJ4I" failures="0" tests="14" name="tests.RegisterPageTest" time="30.074" errors="0" timestamp="2022-12-06T18:12:51 IST" skipped="12">
  <testcase classname="tests.RegisterPageTest" name="withoutAcceptingTerms" time="21.537"/>
  <system-out/>
  <testcase classname="tests.RegisterPageTest" name="withoutAcceptingTerms" time="8.537"/>
  <system-out/>
  <testcase classname="tests.RegisterPageTest" name="testFunction5">
    <skipped/>
  </testcase> <!-- testFunction5 -->
  <system-out/>
  <testcase classname="tests.RegisterPageTest" name="testFunction5">
    <skipped/>
  </testcase> <!-- testFunction5 -->
  <system-out/>
  <testcase classname="tests.RegisterPageTest" name="testFunction4">
    <skipped/>
  </testcase> <!-- testFunction4 -->
  <system-out/>
  <testcase classname="tests.RegisterPageTest" name="testFunction4">
    <skipped/>
  </testcase> <!-- testFunction4 -->
  <system-out/>
  <testcase classname="tests.RegisterPageTest" name="testFunction7">
    <skipped/>
  </testcase> <!-- testFunction7 -->
  <system-out/>
  <testcase classname="tests.RegisterPageTest" name="testFunction7">
    <skipped/>
  </testcase> <!-- testFunction7 -->
  <system-out/>
  <testcase classname="tests.RegisterPageTest" name="testFunction6">
    <skipped/>
  </testcase> <!-- testFunction6 -->
  <system-out/>
  <testcase classname="tests.RegisterPageTest" name="testFunction6">
    <skipped/>
  </testcase> <!-- testFunction6 -->
  <system-out/>
  <testcase classname="tests.RegisterPageTest" name="providingValidRegistrationData">
    <skipped/>
  </testcase> <!-- providingValidRegistrationData -->
  <system-out/>
  <testcase classname="tests.RegisterPageTest" name="providingValidRegistrationData">
    <skipped/>
  </testcase> <!-- providingValidRegistrationData -->
  <system-out/>
  <testcase classname="tests.RegisterPageTest" name="testFunction3">
    <skipped/>
  </testcase> <!-- testFunction3 -->
  <system-out/>
  <testcase classname="tests.RegisterPageTest" name="testFunction3">
    <skipped/>
  </testcase> <!-- testFunction3 -->
  <system-out/>
</testsuite> <!-- tests.RegisterPageTest -->
